<?xml version="1.0" encoding="UTF-8"?>
<testsuite name="StorageTest" tests="5" skipped="0" failures="0" errors="0" timestamp="2021-12-15T23:22:38" hostname="DESKTOP-FJIIVPR" time="0.072">
  <properties/>
  <testcase name="test_removing_number_of_units_more_than_units_in_storage()" classname="StorageTest" time="0.05"/>
  <testcase name="test_remove_storage_units()" classname="StorageTest" time="0.002"/>
  <testcase name="test_removing_negative_number_of_units()" classname="StorageTest" time="0.003"/>
  <testcase name="test_add_storage_units()" classname="StorageTest" time="0.003"/>
  <testcase name="test_adding_negative_number_of_units()" classname="StorageTest" time="0.003"/>
  <system-out><![CDATA[]]></system-out>
  <system-err><![CDATA[]]></system-err>
</testsuite>
